2025-08-21 17:30:33,968 INFO 【调试】进入processing_finished
2025-08-21 17:30:33,969 INFO 【调试】准备刷新表格
2025-08-21 17:34:10,175 INFO 【调试】刷新表格完成
2025-08-21 17:34:10,176 INFO 【调试】准备刷新筛选
2025-08-21 17:41:17,367 INFO 【调试】刷新筛选完成
2025-08-21 17:41:17,368 INFO === 开始执行控制台输出 ===
2025-08-21 17:41:17,404 INFO === 控制台输出执行完成 ===
2025-08-21 17:52:33,987 INFO 【调试】进入processing_finished
2025-08-21 17:52:33,989 INFO 【调试】准备刷新表格
2025-08-21 17:55:08,621 INFO 【调试】刷新表格完成
2025-08-21 17:55:08,631 INFO 【调试】准备刷新筛选
2025-08-21 17:58:19,289 INFO 【调试】刷新筛选完成
2025-08-21 17:58:19,289 INFO === 开始执行控制台输出 ===
2025-08-21 17:58:19,304 INFO === 控制台输出执行完成 ===
2025-08-21 18:04:32,852 INFO 【调试】进入processing_finished
2025-08-21 18:04:32,852 INFO 【调试】准备刷新表格
2025-08-21 18:08:00,783 INFO 【调试】刷新表格完成
2025-08-21 18:08:00,783 INFO 【调试】准备刷新筛选
2025-08-21 18:10:52,344 INFO 【调试】进入processing_finished
2025-08-21 18:10:52,344 INFO 【调试】准备刷新表格
2025-08-21 18:19:25,238 INFO 【调试】进入processing_finished
2025-08-21 18:19:25,238 INFO 【调试】准备刷新表格
2025-08-21 18:19:25,353 INFO 【调试】刷新表格完成
2025-08-21 18:19:25,353 INFO 【调试】准备刷新筛选
2025-08-21 18:19:25,518 INFO 【调试】刷新筛选完成
2025-08-21 18:19:25,518 INFO === 开始执行控制台输出 ===
2025-08-21 18:19:25,533 INFO === 控制台输出执行完成 ===
2025-08-21 18:56:12,457 INFO 【调试】进入processing_finished
2025-08-21 18:56:12,458 INFO 【调试】准备刷新表格
2025-08-21 18:56:12,553 INFO 【调试】刷新表格完成
2025-08-21 18:56:12,553 INFO 【调试】准备刷新筛选
2025-08-21 18:56:12,767 INFO 【调试】刷新筛选完成
2025-08-21 18:56:12,768 INFO === 开始执行控制台输出 ===
2025-08-21 18:56:12,777 INFO === 控制台输出执行完成 ===
2025-08-21 18:59:30,807 INFO 【调试】进入processing_finished
2025-08-21 18:59:30,807 INFO 【调试】准备刷新表格
2025-08-21 18:59:30,909 INFO 【调试】刷新表格完成
2025-08-21 18:59:30,909 INFO 【调试】准备刷新筛选
2025-08-21 18:59:31,159 INFO 【调试】刷新筛选完成
2025-08-21 18:59:31,159 INFO === 开始执行控制台输出 ===
2025-08-21 18:59:31,173 INFO === 控制台输出执行完成 ===
2025-08-21 19:32:35,882 INFO 【调试】进入processing_finished
2025-08-21 19:32:35,883 INFO 【调试】准备刷新表格
2025-08-21 19:32:35,983 INFO 【调试】刷新表格完成
2025-08-21 19:32:35,983 INFO 【调试】准备刷新筛选
2025-08-21 19:32:36,197 INFO 【调试】刷新筛选完成
2025-08-21 19:32:36,197 INFO === 开始执行控制台输出 ===
2025-08-21 19:32:36,208 INFO === 控制台输出执行完成 ===
2025-08-21 19:47:13,714 INFO 【调试】进入processing_finished
2025-08-21 19:47:13,714 INFO 【调试】准备刷新表格
2025-08-21 19:47:13,807 INFO 【调试】刷新表格完成
2025-08-21 19:47:13,807 INFO 【调试】准备刷新筛选
2025-08-21 19:47:14,042 INFO 【调试】刷新筛选完成
2025-08-21 19:47:14,042 INFO === 开始执行控制台输出 ===
2025-08-21 19:47:14,052 INFO === 控制台输出执行完成 ===
2025-08-21 20:01:50,279 INFO 【调试】进入processing_finished
2025-08-21 20:01:50,279 INFO 【调试】准备刷新表格
2025-08-21 20:01:50,381 INFO 【调试】刷新表格完成
2025-08-21 20:01:50,382 INFO 【调试】准备刷新筛选
2025-08-21 20:01:50,623 INFO 【调试】刷新筛选完成
2025-08-21 20:01:50,623 INFO === 开始执行控制台输出 ===
2025-08-21 20:01:50,634 INFO === 控制台输出执行完成 ===
2025-08-21 20:06:02,428 INFO 【调试】进入processing_finished
2025-08-21 20:06:02,429 INFO 【调试】准备刷新表格
2025-08-21 20:06:02,527 INFO 【调试】刷新表格完成
2025-08-21 20:06:02,527 INFO 【调试】准备刷新筛选
2025-08-21 20:06:02,755 INFO 【调试】刷新筛选完成
2025-08-21 20:06:02,755 INFO === 开始执行控制台输出 ===
2025-08-21 20:06:02,763 INFO === 控制台输出执行完成 ===
2025-08-22 10:09:57,508 INFO 【调试】进入processing_finished
2025-08-22 10:09:57,509 INFO 【调试】准备刷新表格
2025-08-22 10:09:57,565 INFO 【调试】刷新表格完成
2025-08-22 10:09:57,565 INFO 【调试】准备刷新筛选
2025-08-22 10:09:57,662 INFO 【调试】刷新筛选完成
2025-08-22 10:09:57,662 INFO === 开始执行控制台输出 ===
2025-08-22 10:09:57,667 INFO === 控制台输出执行完成 ===
2025-08-22 10:22:10,354 INFO 【调试】进入processing_finished
2025-08-22 10:22:10,354 INFO 【调试】准备刷新表格
2025-08-22 10:22:10,445 INFO 【调试】刷新表格完成
2025-08-22 10:22:10,445 INFO 【调试】准备刷新筛选
2025-08-22 10:22:10,597 INFO 【调试】刷新筛选完成
2025-08-22 10:22:10,597 INFO === 开始执行控制台输出 ===
2025-08-22 10:22:10,604 INFO === 控制台输出执行完成 ===
2025-08-22 10:48:55,211 INFO 【调试】进入processing_finished
2025-08-22 10:48:55,211 INFO 【调试】准备刷新表格
2025-08-22 10:48:55,289 INFO 【调试】刷新表格完成
2025-08-22 10:48:55,289 INFO 【调试】准备刷新筛选
2025-08-22 10:48:55,480 INFO 【调试】刷新筛选完成
2025-08-22 10:48:55,480 INFO === 开始执行控制台输出 ===
2025-08-22 10:48:55,486 INFO === 控制台输出执行完成 ===
2025-08-22 11:05:14,754 INFO 【调试】进入processing_finished
2025-08-22 11:05:14,755 INFO 【调试】准备刷新表格
2025-08-22 11:05:14,835 INFO 【调试】刷新表格完成
2025-08-22 11:05:14,835 INFO 【调试】准备刷新筛选
2025-08-22 11:05:14,991 INFO 【调试】刷新筛选完成
2025-08-22 11:05:14,991 INFO === 开始执行控制台输出 ===
2025-08-22 11:05:15,006 INFO === 控制台输出执行完成 ===
2025-08-22 11:09:05,583 INFO 【调试】进入processing_finished
2025-08-22 11:09:05,583 INFO 【调试】准备刷新表格
2025-08-22 11:09:05,657 INFO 【调试】刷新表格完成
2025-08-22 11:09:05,658 INFO 【调试】准备刷新筛选
2025-08-22 11:09:05,818 INFO 【调试】刷新筛选完成
2025-08-22 11:09:05,818 INFO === 开始执行控制台输出 ===
2025-08-22 11:09:05,825 INFO === 控制台输出执行完成 ===
2025-08-22 11:22:40,007 INFO 【调试】进入processing_finished
2025-08-22 11:22:40,008 INFO 【调试】准备刷新表格
2025-08-22 11:22:40,092 INFO 【调试】刷新表格完成
2025-08-22 11:22:40,092 INFO 【调试】准备刷新筛选
2025-08-22 11:22:40,264 INFO 【调试】刷新筛选完成
2025-08-22 11:22:40,265 INFO === 开始执行控制台输出 ===
2025-08-22 11:22:40,272 INFO === 控制台输出执行完成 ===
2025-08-22 11:25:05,646 INFO 【调试】进入processing_finished
2025-08-22 11:25:05,646 INFO 【调试】准备刷新表格
2025-08-22 11:25:05,731 INFO 【调试】刷新表格完成
2025-08-22 11:25:05,731 INFO 【调试】准备刷新筛选
2025-08-22 11:25:05,874 INFO 【调试】刷新筛选完成
2025-08-22 11:25:05,874 INFO === 开始执行控制台输出 ===
2025-08-22 11:25:05,881 INFO === 控制台输出执行完成 ===
2025-08-22 11:32:13,253 INFO 【调试】进入processing_finished
2025-08-22 11:32:13,253 INFO 【调试】准备刷新表格
2025-08-22 11:32:13,363 INFO 【调试】刷新表格完成
2025-08-22 11:32:13,363 INFO 【调试】准备刷新筛选
2025-08-22 11:32:13,520 INFO 【调试】刷新筛选完成
2025-08-22 11:32:13,520 INFO === 开始执行控制台输出 ===
2025-08-22 11:32:13,526 INFO === 控制台输出执行完成 ===
2025-08-22 11:35:19,759 INFO 【调试】进入processing_finished
2025-08-22 11:35:19,759 INFO 【调试】准备刷新表格
2025-08-22 11:35:19,838 INFO 【调试】刷新表格完成
2025-08-22 11:35:19,838 INFO 【调试】准备刷新筛选
2025-08-22 11:35:19,998 INFO 【调试】刷新筛选完成
2025-08-22 11:35:19,998 INFO === 开始执行控制台输出 ===
2025-08-22 11:35:20,004 INFO === 控制台输出执行完成 ===
2025-08-22 11:57:57,020 INFO 【调试】进入processing_finished
2025-08-22 11:57:57,020 INFO 【调试】准备刷新表格
2025-08-22 11:57:57,098 INFO 【调试】刷新表格完成
2025-08-22 11:57:57,098 INFO 【调试】准备刷新筛选
2025-08-22 11:57:57,271 INFO 【调试】刷新筛选完成
2025-08-22 11:57:57,271 INFO === 开始执行控制台输出 ===
2025-08-22 11:57:57,287 INFO === 控制台输出执行完成 ===
2025-08-22 15:48:48,230 INFO 【调试】进入processing_finished
2025-08-22 15:48:48,231 INFO 【调试】准备刷新表格
2025-08-22 15:48:48,303 INFO 【调试】刷新表格完成
2025-08-22 15:48:48,303 INFO 【调试】准备刷新筛选
2025-08-22 15:48:48,455 INFO 【调试】刷新筛选完成
2025-08-22 15:48:48,455 INFO === 开始执行控制台输出 ===
2025-08-22 15:48:48,465 INFO === 控制台输出执行完成 ===
2025-08-22 15:52:18,133 INFO 【调试】进入processing_finished
2025-08-22 15:52:18,133 INFO 【调试】准备刷新表格
2025-08-22 15:52:18,225 INFO 【调试】刷新表格完成
2025-08-22 15:52:18,225 INFO 【调试】准备刷新筛选
2025-08-22 15:52:18,386 INFO 【调试】刷新筛选完成
2025-08-22 15:52:18,386 INFO === 开始执行控制台输出 ===
2025-08-22 15:52:18,392 INFO === 控制台输出执行完成 ===
2025-08-22 16:13:11,831 INFO 【调试】进入processing_finished
2025-08-22 16:13:11,832 INFO 【调试】准备刷新表格
2025-08-22 16:13:11,915 INFO 【调试】刷新表格完成
2025-08-22 16:13:11,915 INFO 【调试】准备刷新筛选
2025-08-22 16:13:12,061 INFO 【调试】刷新筛选完成
2025-08-22 16:13:12,061 INFO === 开始执行控制台输出 ===
2025-08-22 16:13:12,068 INFO === 控制台输出执行完成 ===
2025-08-22 16:22:13,333 INFO 【调试】进入processing_finished
2025-08-22 16:22:13,333 INFO 【调试】准备刷新表格
2025-08-22 16:22:13,384 ERROR MainWindow.update_transaction_table异常
Traceback (most recent call last):
  File "E:\+\python\xiangmu\cursor\gerencaiwu3\gerencaiwu\main.py", line 235, in update_transaction_table
    item.setBackground(Qt.GlobalColor.cyan.lighter(190))
                       ^^^^^^^^^^^^^^^^^^^^^^^^^^^
AttributeError: 'GlobalColor' object has no attribute 'lighter'
2025-08-22 16:22:15,351 INFO 【调试】刷新表格完成
2025-08-22 16:22:15,352 INFO 【调试】准备刷新筛选
2025-08-22 16:22:15,367 ERROR MainWindow.filter_transactions异常
Traceback (most recent call last):
  File "E:\+\python\xiangmu\cursor\gerencaiwu3\gerencaiwu\main.py", line 308, in filter_transactions
    item.setBackground(Qt.GlobalColor.cyan.lighter(190))
                       ^^^^^^^^^^^^^^^^^^^^^^^^^^^
AttributeError: 'GlobalColor' object has no attribute 'lighter'
2025-08-22 16:22:16,122 ERROR MainWindow.filter_transactions异常
Traceback (most recent call last):
  File "E:\+\python\xiangmu\cursor\gerencaiwu3\gerencaiwu\main.py", line 308, in filter_transactions
    item.setBackground(Qt.GlobalColor.cyan.lighter(190))
                       ^^^^^^^^^^^^^^^^^^^^^^^^^^^
AttributeError: 'GlobalColor' object has no attribute 'lighter'
2025-08-22 16:22:16,565 INFO 【调试】刷新筛选完成
2025-08-22 16:22:16,565 INFO === 开始执行控制台输出 ===
2025-08-22 16:22:16,572 INFO === 控制台输出执行完成 ===
2025-08-22 16:32:40,489 INFO 【调试】进入processing_finished
2025-08-22 16:32:40,489 INFO 【调试】准备刷新表格
2025-08-22 16:32:50,067 INFO 【调试】刷新表格完成
2025-08-22 16:32:50,067 INFO 【调试】准备刷新筛选
2025-08-22 16:36:49,258 INFO 【调试】进入processing_finished
2025-08-22 16:36:49,259 INFO 【调试】准备刷新表格
2025-08-22 16:36:57,949 INFO 【调试】刷新表格完成
2025-08-22 16:36:57,949 INFO 【调试】准备刷新筛选
2025-08-22 16:43:38,110 INFO 【调试】进入processing_finished
2025-08-22 16:43:38,110 INFO 【调试】准备刷新表格
2025-08-22 16:43:47,231 INFO 【调试】刷新表格完成
2025-08-22 16:43:47,231 INFO 【调试】准备刷新筛选
2025-08-22 16:47:35,068 INFO 【调试】进入processing_finished
2025-08-22 16:47:35,068 INFO 【调试】准备刷新表格
2025-08-22 16:47:52,993 INFO 【调试】刷新表格完成
2025-08-22 16:47:52,993 INFO 【调试】准备刷新筛选
2025-08-22 16:53:27,485 INFO 【调试】进入processing_finished
2025-08-22 16:53:27,485 INFO 【调试】准备刷新表格
2025-08-22 16:53:36,874 INFO 【调试】刷新表格完成
2025-08-22 16:53:36,875 INFO 【调试】准备刷新筛选
2025-08-22 16:53:55,885 INFO 【调试】刷新筛选完成
2025-08-22 16:53:55,885 INFO === 开始执行控制台输出 ===
2025-08-22 16:53:55,897 INFO === 控制台输出执行完成 ===
2025-08-22 17:03:02,137 INFO 【调试】进入processing_finished
2025-08-22 17:03:02,137 INFO 【调试】准备刷新表格
2025-08-22 17:03:19,994 INFO 【调试】刷新表格完成
2025-08-22 17:03:19,994 INFO 【调试】准备刷新筛选
2025-08-22 17:04:00,200 INFO 【调试】刷新筛选完成
2025-08-22 17:04:00,200 INFO === 开始执行控制台输出 ===
2025-08-22 17:04:00,208 INFO === 控制台输出执行完成 ===
2025-08-22 17:04:44,241 INFO 【调试】进入processing_finished
2025-08-22 17:04:44,241 INFO 【调试】准备刷新表格
2025-08-22 17:05:25,997 INFO 【调试】刷新表格完成
2025-08-22 17:05:25,997 INFO 【调试】准备刷新筛选
2025-08-22 17:06:31,150 INFO 【调试】刷新筛选完成
2025-08-22 17:06:31,150 INFO === 开始执行控制台输出 ===
2025-08-22 17:06:31,166 INFO === 控制台输出执行完成 ===
